0 info it worked if it ends with ok
1 verbose cli [ 'node', '/usr/local/bin/npm', 'i', 'background-blur' ]
2 info using npm@2.10.1
3 info using node@v0.12.4
4 verbose node symlink /usr/local/bin/node
5 verbose install initial load of /Users/ale/apps/1noviembre/package.json
6 verbose installManyTop reading scoped package data from /Users/ale/apps/1noviembre/node_modules/body-parser/package.json
7 verbose installManyTop reading scoped package data from /Users/ale/apps/1noviembre/node_modules/bootstrap/package.json
8 verbose installManyTop reading scoped package data from /Users/ale/apps/1noviembre/node_modules/cookie-parser/package.json
9 verbose installManyTop reading scoped package data from /Users/ale/apps/1noviembre/node_modules/debug/package.json
10 verbose installManyTop reading scoped package data from /Users/ale/apps/1noviembre/node_modules/express/package.json
11 verbose installManyTop reading scoped package data from /Users/ale/apps/1noviembre/node_modules/gulp/package.json
12 verbose installManyTop reading scoped package data from /Users/ale/apps/1noviembre/node_modules/gulp-autoprefixer/package.json
13 verbose installManyTop reading scoped package data from /Users/ale/apps/1noviembre/node_modules/gulp-concat/package.json
14 verbose installManyTop reading scoped package data from /Users/ale/apps/1noviembre/node_modules/gulp-minify-css/package.json
15 verbose installManyTop reading scoped package data from /Users/ale/apps/1noviembre/node_modules/gulp-sass/package.json
16 verbose installManyTop reading scoped package data from /Users/ale/apps/1noviembre/node_modules/morgan/package.json
17 verbose installManyTop reading scoped package data from /Users/ale/apps/1noviembre/node_modules/serve-favicon/package.json
18 verbose readDependencies loading dependencies from /Users/ale/apps/1noviembre/package.json
19 silly cache add args [ 'background-blur', null ]
20 verbose cache add spec background-blur
21 silly cache add parsed spec { raw: 'background-blur',
21 silly cache add   scope: null,
21 silly cache add   name: 'background-blur',
21 silly cache add   rawSpec: '',
21 silly cache add   spec: '*',
21 silly cache add   type: 'range' }
22 silly addNamed background-blur@*
23 verbose addNamed "*" is a valid semver range for background-blur
24 silly addNameRange { name: 'background-blur', range: '*', hasData: false }
25 silly mapToRegistry name background-blur
26 silly mapToRegistry using default registry
27 silly mapToRegistry registry https://registry.npmjs.org/
28 silly mapToRegistry uri https://registry.npmjs.org/background-blur
29 verbose addNameRange registry:https://registry.npmjs.org/background-blur not in flight; fetching
30 verbose request uri https://registry.npmjs.org/background-blur
31 verbose request no auth needed
32 info attempt registry request try #1 at 22:27:51
33 verbose request using bearer token for auth
34 verbose request id 4c9cff15babd8e0f
35 http request GET https://registry.npmjs.org/background-blur
36 http 404 https://registry.npmjs.org/background-blur
37 verbose headers { 'content-type': 'application/json',
37 verbose headers   'cache-control': 'max-age=0',
37 verbose headers   'content-length': '2',
37 verbose headers   'accept-ranges': 'bytes',
37 verbose headers   date: 'Thu, 10 Sep 2015 03:27:52 GMT',
37 verbose headers   via: '1.1 varnish',
37 verbose headers   connection: 'keep-alive',
37 verbose headers   'x-served-by': 'cache-jfk1021-JFK',
37 verbose headers   'x-cache': 'MISS',
37 verbose headers   'x-cache-hits': '0',
37 verbose headers   'x-timer': 'S1441855672.062344,VS0,VE345' }
38 silly get cb [ 404,
38 silly get   { 'content-type': 'application/json',
38 silly get     'cache-control': 'max-age=0',
38 silly get     'content-length': '2',
38 silly get     'accept-ranges': 'bytes',
38 silly get     date: 'Thu, 10 Sep 2015 03:27:52 GMT',
38 silly get     via: '1.1 varnish',
38 silly get     connection: 'keep-alive',
38 silly get     'x-served-by': 'cache-jfk1021-JFK',
38 silly get     'x-cache': 'MISS',
38 silly get     'x-cache-hits': '0',
38 silly get     'x-timer': 'S1441855672.062344,VS0,VE345' } ]
39 verbose stack Error: Registry returned 404 for GET on https://registry.npmjs.org/background-blur
39 verbose stack     at CachingRegistryClient.<anonymous> (/usr/local/lib/node_modules/npm/node_modules/npm-registry-client/lib/request.js:239:14)
39 verbose stack     at Request._callback (/usr/local/lib/node_modules/npm/node_modules/npm-registry-client/lib/request.js:170:14)
39 verbose stack     at Request.self.callback (/usr/local/lib/node_modules/npm/node_modules/request/request.js:368:22)
39 verbose stack     at Request.emit (events.js:110:17)
39 verbose stack     at Request.<anonymous> (/usr/local/lib/node_modules/npm/node_modules/request/request.js:1219:14)
39 verbose stack     at Request.emit (events.js:129:20)
39 verbose stack     at IncomingMessage.<anonymous> (/usr/local/lib/node_modules/npm/node_modules/request/request.js:1167:12)
39 verbose stack     at IncomingMessage.emit (events.js:129:20)
39 verbose stack     at _stream_readable.js:908:16
39 verbose stack     at process._tickCallback (node.js:355:11)
40 verbose statusCode 404
41 verbose pkgid background-blur
42 verbose cwd /Users/ale/apps/1noviembre/public
43 error Darwin 15.0.0
44 error argv "node" "/usr/local/bin/npm" "i" "background-blur"
45 error node v0.12.4
46 error npm  v2.10.1
47 error code E404
48 error 404 Registry returned 404 for GET on https://registry.npmjs.org/background-blur
48 error 404
48 error 404 'background-blur' is not in the npm registry.
48 error 404 You should bug the author to publish it (or use the name yourself!)
48 error 404 It was specified as a dependency of '1noviembre'
48 error 404
48 error 404 Note that you can also install from a
48 error 404 tarball, folder, http url, or git url.
49 verbose exit [ 1, true ]
